  Collision.cpp
/Collision.cpp(1,1): error C1083: Cannot open source file: 'Collision.cpp': No such file or directory
  (compiling source file '/Collision.cpp')
  
  Enemy.cpp
/Enemy.cpp(1,1): error C1083: Cannot open source file: 'Enemy.cpp': No such file or directory
  (compiling source file '/Enemy.cpp')
  
  main.cpp
/main.cpp(1,1): error C1083: Cannot open source file: 'main.cpp': No such file or directory
  (compiling source file '/main.cpp')
  
  MainMenu.cpp
/MainMenu.cpp(1,1): error C1083: Cannot open source file: 'MainMenu.cpp': No such file or directory
  (compiling source file '/MainMenu.cpp')
  
  HighScore.cpp
/HighScore.cpp(1,1): error C1083: Cannot open source file: 'HighScore.cpp': No such file or directory
  (compiling source file '/HighScore.cpp')
  
  Player.cpp
/Player.cpp(1,1): error C1083: Cannot open source file: 'Player.cpp': No such file or directory
  (compiling source file '/Player.cpp')
  
  PowerUp.cpp
/PowerUp.cpp(1,1): error C1083: Cannot open source file: 'PowerUp.cpp': No such file or directory
  (compiling source file '/PowerUp.cpp')
  
  SpriteLoader.cpp
/SpriteLoader.cpp(1,1): error C1083: Cannot open source file: 'SpriteLoader.cpp': No such file or directory
  (compiling source file '/SpriteLoader.cpp')
  
  Timer.cpp
/Timer.cpp(1,1): error C1083: Cannot open source file: 'Timer.cpp': No such file or directory
  (compiling source file '/Timer.cpp')
  
